<?xml version="1.0" encoding="UTF-8"?>
<testsuite name="com.example.demo.ProductPageTest" tests="11" skipped="0" failures="2" errors="0" timestamp="2025-06-19T19:43:51" hostname="MSI" time="43.549">
  <properties/>
  <testcase name="Проверка наличия заголовка Описание" classname="com.example.demo.ProductPageTest" time="6.939"/>
  <testcase name="Проверка кнопки Подписаться" classname="com.example.demo.ProductPageTest" time="5.116"/>
  <testcase name="Проверка дисклеймера" classname="com.example.demo.ProductPageTest" time="1.737"/>
  <testcase name="Проверка кнопки Поделиться" classname="com.example.demo.ProductPageTest" time="2.456"/>
  <testcase name="search()" classname="com.example.demo.ProductPageTest" time="3.022"/>
  <testcase name="Проверка текста описания" classname="com.example.demo.ProductPageTest" time="2.13"/>
  <testcase name="Проверка нажатия кнопки Написать" classname="com.example.demo.ProductPageTest" time="4.209"/>
  <testcase name="Проверка названия товара" classname="com.example.demo.ProductPageTest" time="1.843"/>
  <testcase name="Проверка кнопки Пожаловаться на услугу" classname="com.example.demo.ProductPageTest" time="6.331">
    <failure message="Page should have title Жалоба&#13;&#10;Actual value: фываф - бесплатно на ВК Маркет&#13;&#10;Screenshot: file:/C:/Users/Tatyanochka/IdeaProjects/test_pero/build/reports/tests/1750362265468.0.png&#13;&#10;Page source: file:/C:/Users/Tatyanochka/IdeaProjects/test_pero/build/reports/tests/1750362265468.0.html&#13;&#10;Timeout: 4 s." type="com.codeborne.selenide.ex.ConditionNotMetException">Page should have title Жалоба
Actual value: фываф - бесплатно на ВК Маркет
Screenshot: file:/C:/Users/Tatyanochka/IdeaProjects/test_pero/build/reports/tests/1750362265468.0.png
Page source: file:/C:/Users/Tatyanochka/IdeaProjects/test_pero/build/reports/tests/1750362265468.0.html
Timeout: 4 s.
	at app//com.codeborne.selenide.impl.Waiter.wait(Waiter.java:52)
	at app//com.codeborne.selenide.impl.Waiter.wait(Waiter.java:35)
	at app//com.codeborne.selenide.Conditional.shouldHave(Conditional.java:42)
	at app//com.example.demo.ProductPageTest.testReportButton(ProductPageTest.java:82)
	at java.base@17.0.15/java.lang.reflect.Method.invoke(Method.java:569)
	at java.base@17.0.15/java.util.ArrayList.forEach(ArrayList.java:1511)
	at java.base@17.0.15/java.util.ArrayList.forEach(ArrayList.java:1511)
</failure>
  </testcase>
  <testcase name="Проверка цены" classname="com.example.demo.ProductPageTest" time="2.378"/>
  <testcase name="Проверка нажатия на название магазина" classname="com.example.demo.ProductPageTest" time="7.225">
    <failure message="Page should have title Test public for test | ВКонтакте&#13;&#10;Actual value: фываф - бесплатно на ВК Маркет&#13;&#10;Screenshot: file:/C:/Users/Tatyanochka/IdeaProjects/test_pero/build/reports/tests/1750362275085.1.png&#13;&#10;Page source: file:/C:/Users/Tatyanochka/IdeaProjects/test_pero/build/reports/tests/1750362275085.1.html&#13;&#10;Timeout: 4 s." type="com.codeborne.selenide.ex.ConditionNotMetException">Page should have title Test public for test | ВКонтакте
Actual value: фываф - бесплатно на ВК Маркет
Screenshot: file:/C:/Users/Tatyanochka/IdeaProjects/test_pero/build/reports/tests/1750362275085.1.png
Page source: file:/C:/Users/Tatyanochka/IdeaProjects/test_pero/build/reports/tests/1750362275085.1.html
Timeout: 4 s.
	at app//com.codeborne.selenide.impl.Waiter.wait(Waiter.java:52)
	at app//com.codeborne.selenide.impl.Waiter.wait(Waiter.java:35)
	at app//com.codeborne.selenide.Conditional.shouldHave(Conditional.java:42)
	at app//com.example.demo.ProductPageTest.testShopNameInTheMiddleButton(ProductPageTest.java:104)
	at java.base@17.0.15/java.lang.reflect.Method.invoke(Method.java:569)
	at java.base@17.0.15/java.util.ArrayList.forEach(ArrayList.java:1511)
	at java.base@17.0.15/java.util.ArrayList.forEach(ArrayList.java:1511)
</failure>
  </testcase>
  <system-out><![CDATA[]]></system-out>
  <system-err><![CDATA[[Test worker] INFO com.codeborne.selenide.impl.WebDriverThreadLocalContainer - No webdriver is bound to current thread: 1 - let's create a new webdriver
[Test worker] INFO com.codeborne.selenide.impl.FileHelper - Creating folder: C:\Users\Tatyanochka\IdeaProjects\test_pero\build\downloads\1750362231887_12988_1
[Test worker] INFO com.codeborne.selenide.webdriver.SelenideNettyClientFactory - Changed readTimeout from PT3M to PT1M30S
[Test worker] INFO com.codeborne.selenide.webdriver.SelenideNettyClientFactory - Changed readTimeout from PT3M to PT1M30S
июн. 19, 2025 10:43:54 PM org.openqa.selenium.devtools.CdpVersionFinder findNearestMatch
WARNING: Unable to find CDP implementation matching 137
июн. 19, 2025 10:43:54 PM org.openqa.selenium.chromium.ChromiumDriver lambda$new$5
WARNING: Unable to find version of CDP to use for 137.0.7151.120. You may need to include a dependency on a specific version of the CDP using something similar to `org.seleniumhq.selenium:selenium-devtools-v86:4.13.0` where the version ("v86") matches the version of the chromium-based browser you're using and the version number of the artifact is the same as Selenium's.
[Test worker] INFO com.codeborne.selenide.webdriver.WebDriverFactory - BrowserName=chrome Version=137.0.7151.120 Platform=windows
[Test worker] INFO com.codeborne.selenide.webdriver.WebDriverFactory - Selenide v. 6.19.1
[Test worker] INFO com.codeborne.selenide.webdriver.WebDriverFactory - Selenium WebDriver v. 4.13.0 build revision: ba948ece5b*
[Test worker] INFO com.codeborne.selenide.drivercommands.CreateDriverCommand - Created webdriver in thread 1: ChromeDriver -> ChromeDriver: chrome on windows (ded80e2ea32da12eab37e321e2b17c57)
[Test worker] INFO com.codeborne.selenide.drivercommands.DisposablesRegistry - Register WebDriverInstance[config=StaticConfig,webDriver=ChromeDriver: chrome on windows (ded80e2ea32da12eab37e321e2b17c57),proxy=null,downloadsFolder=C:\Users\Tatyanochka\IdeaProjects\test_pero\build\downloads\1750362231887_12988_1] in 1 [size=1]
[Test worker] INFO com.codeborne.selenide.drivercommands.DisposablesRegistry - Add shutdown hook in 1 [size=1]
]]></system-err>
</testsuite>
