{"uid":"36bb47c135cee640","name":"Проверка кнопки Товары","fullName":"com.example.demo.PublicPageTest.testItemsButton","historyId":"cce1d7edd053817ae3a89ccd1eb57334","time":{"start":1750362275330,"stop":1750362276819,"duration":1489},"description":"","status":"passed","flaky":false,"newFailed":false,"newBroken":false,"newPassed":false,"retriesCount":6,"retriesStatusChange":true,"beforeStages":[{"name":"setUpAll","time":{"start":1750362275328,"stop":1750362275328,"duration":0},"status":"passed","steps":[],"attachments":[],"parameters":[],"attachmentsCount":0,"shouldDisplayMessage":false,"attachmentStep":false,"hasContent":false,"stepsCount":0},{"name":"setUp","time":{"start":1750362275331,"stop":1750362276459,"duration":1128},"status":"passed","steps":[],"attachments":[],"parameters":[],"attachmentsCount":0,"shouldDisplayMessage":false,"attachmentStep":false,"hasContent":false,"stepsCount":0}],"afterStages":[],"labels":[{"name":"junit.platform.uniqueid","value":"[engine:junit-jupiter]/[class:com.example.demo.PublicPageTest]/[method:testItemsButton()]"},{"name":"host","value":"MSI"},{"name":"thread","value":"12988@MSI.Test worker(1)"},{"name":"framework","value":"junit-platform"},{"name":"language","value":"java"},{"name":"package","value":"com.example.demo.PublicPageTest"},{"name":"testClass","value":"com.example.demo.PublicPageTest"},{"name":"testMethod","value":"testItemsButton"},{"name":"suite","value":"com.example.demo.PublicPageTest"},{"name":"resultFormat","value":"allure2"}],"parameters":[],"links":[],"hidden":false,"retry":false,"extra":{"severity":"normal","retries":[{"uid":"917e4d802e82b8bd","status":"passed","time":{"start":1750339223218,"stop":1750339229830,"duration":6612}},{"uid":"84ca9c068d2dbe83","status":"passed","time":{"start":1750337235893,"stop":1750337242324,"duration":6431}},{"uid":"d288f40a9778d384","status":"broken","statusDetails":"invalid selector: Unable to locate an element with the xpath expression //div[contains(text(), '300') and contains(text(), '₽')]] because of the following error:\nSyntaxError: Failed to execute 'evaluate' on 'Document': The string '//div[contains(text(), '300') and contains(text(), '₽')]]' is not a valid XPath expression.\n  (Session info: chrome=137.0.7151.120)\nFor documentation on this error, please visit: https://www.selenium.dev/documentation/webdriver/troubleshooting/errors#invalid-selector-exception\nBuild info: version: '4.13.0', revision: 'ba948ece5b*'\nSystem info: os.name: 'Windows 10', os.arch: 'amd64', os.version: '10.0', java.version: '17.0.15'\nDriver info: org.openqa.selenium.chrome.ChromeDriver\nCommand: [5fdecca8a59db125dbac17f16294f425, findElement {using=xpath, value=//div[contains(text(), '300') and contains(text(), '₽')]]}]\nCapabilities {acceptInsecureCerts: true, browserName: chrome, browserVersion: 137.0.7151.120, chrome: {chromedriverVersion: 137.0.7151.119 (e0ac9d12dff..., userDataDir: C:\\Users\\TATYAN~1\\AppData\\L...}, fedcm:accounts: true, goog:chromeOptions: {debuggerAddress: localhost:53384}, networkConnectionEnabled: false, pageLoadStrategy: normal, platformName: windows, proxy: Proxy(), se:cdp: ws://localhost:53384/devtoo..., se:cdpVersion: 137.0.7151.120, setWindowRect: true, strictFileInteractability: false, timeouts: {implicit: 0, pageLoad: 300000, script: 30000}, unhandledPromptBehavior: accept, webauthn:extension:credBlob: true, webauthn:extension:largeBlob: true, webauthn:extension:minPinLength: true, webauthn:extension:prf: true, webauthn:virtualAuthenticators: true}\nSession ID: 5fdecca8a59db125dbac17f16294f425","time":{"start":1750337174219,"stop":1750337180811,"duration":6592}},{"uid":"319f20e7d87d9120","status":"failed","statusDetails":"Element not found {By.xpath: //div[text()='300&nbsp;₽']}\r\nExpected: visible\r\nScreenshot: file:/C:/Users/Tatyanochka/IdeaProjects/test_pero/build/reports/tests/1750337103600.0.png\r\nPage source: file:/C:/Users/Tatyanochka/IdeaProjects/test_pero/build/reports/tests/1750337103600.0.html\r\nTimeout: 4 s.\r\nCaused by: NoSuchElementException: no such element: Unable to locate element: {\"method\":\"xpath\",\"selector\":\"//div[text()='300&nbsp;₽']\"}","time":{"start":1750337092996,"stop":1750337103870,"duration":10874}},{"uid":"6cc4b2ae2bd99c7c","status":"failed","statusDetails":"Element not found {By.xpath: //div[text()='300 ₽']}\r\nExpected: visible\r\nScreenshot: file:/C:/Users/Tatyanochka/IdeaProjects/test_pero/build/reports/tests/1750336996012.0.png\r\nPage source: file:/C:/Users/Tatyanochka/IdeaProjects/test_pero/build/reports/tests/1750336996012.0.html\r\nTimeout: 4 s.\r\nCaused by: NoSuchElementException: no such element: Unable to locate element: {\"method\":\"xpath\",\"selector\":\"//div[text()='300 ₽']\"}","time":{"start":1750336984010,"stop":1750336996292,"duration":12282}},{"uid":"31e03414b71f2c41","status":"failed","statusDetails":"Element not found {By.xpath: //div[text()='тест']}\r\nExpected: visible\r\nScreenshot: file:/C:/Users/Tatyanochka/IdeaProjects/test_pero/build/reports/tests/1750336944873.0.png\r\nPage source: file:/C:/Users/Tatyanochka/IdeaProjects/test_pero/build/reports/tests/1750336944873.0.html\r\nTimeout: 4 s.\r\nCaused by: NoSuchElementException: no such element: Unable to locate element: {\"method\":\"xpath\",\"selector\":\"//div[text()='тест']\"}","time":{"start":1750336934276,"stop":1750336945146,"duration":10870}}],"categories":[],"tags":[]},"source":"36bb47c135cee640.json","parameterValues":[]}