{"uid":"7a986bbe083d83bf","name":"Проверка кнопки Пожаловаться на услугу","fullName":"com.example.demo.ProductPageTest.testReportButton","historyId":"8c67ea21abe60685e1a01e77380d95ca","time":{"start":1750339277005,"stop":1750339283957,"duration":6952},"description":"","status":"failed","statusMessage":"Invalid element state [div[data-testid='market_item_page_report']]: element click intercepted: Element <div class=\"vkitLink__link--WXYoI vkitLink__tertiary--ddc88 vkitLink__withIconInChildren--MOP1u vkuiInternalTappable vkuiLink__host vkuiLink__withUnderline vkuiTappable__host vkuiTappable__hasPointerNone vkuiClickable__host vkuiClickable__realClickable vkuistyles__-focus-visible vkuiRootComponent__host\" role=\"button\" tabindex=\"0\" data-testid=\"market_item_page_report\">...</div> is not clickable at point (347, 699). Other element would receive the click: <div class=\"PageBottomBanner__in\">...</div>\r\nScreenshot: file:/C:/Users/Tatyanochka/IdeaProjects/test_pero/build/reports/tests/1750339283776.4.png\r\nPage source: file:/C:/Users/Tatyanochka/IdeaProjects/test_pero/build/reports/tests/1750339283776.4.html\r\nTimeout: 4 s.\r\nCaused by: ElementClickInterceptedException: element click intercepted: Element <div class=\"vkitLink__link--WXYoI vkitLink__tertiary--ddc88 vkitLink__withIconInChildren--MOP1u vkuiInternalTappable vkuiLink__host vkuiLink__withUnderline vkuiTappable__host vkuiTappable__hasPointerNone vkuiClickable__host vkuiClickable__realClickable vkuistyles__-focus-visible vkuiRootComponent__host\" role=\"button\" tabindex=\"0\" data-testid=\"market_item_page_report\">...</div> is not clickable at point (347, 699). Other element would receive the click: <div class=\"PageBottomBanner__in\">...</div>","statusTrace":"Invalid element state [div[data-testid='market_item_page_report']]: element click intercepted: Element <div class=\"vkitLink__link--WXYoI vkitLink__tertiary--ddc88 vkitLink__withIconInChildren--MOP1u vkuiInternalTappable vkuiLink__host vkuiLink__withUnderline vkuiTappable__host vkuiTappable__hasPointerNone vkuiClickable__host vkuiClickable__realClickable vkuistyles__-focus-visible vkuiRootComponent__host\" role=\"button\" tabindex=\"0\" data-testid=\"market_item_page_report\">...</div> is not clickable at point (347, 699). Other element would receive the click: <div class=\"PageBottomBanner__in\">...</div>\r\nScreenshot: file:/C:/Users/Tatyanochka/IdeaProjects/test_pero/build/reports/tests/1750339283776.4.png\r\nPage source: file:/C:/Users/Tatyanochka/IdeaProjects/test_pero/build/reports/tests/1750339283776.4.html\r\nTimeout: 4 s.\r\nCaused by: ElementClickInterceptedException: element click intercepted: Element <div class=\"vkitLink__link--WXYoI vkitLink__tertiary--ddc88 vkitLink__withIconInChildren--MOP1u vkuiInternalTappable vkuiLink__host vkuiLink__withUnderline vkuiTappable__host vkuiTappable__hasPointerNone vkuiClickable__host vkuiClickable__realClickable vkuistyles__-focus-visible vkuiRootComponent__host\" role=\"button\" tabindex=\"0\" data-testid=\"market_item_page_report\">...</div> is not clickable at point (347, 699). Other element would receive the click: <div class=\"PageBottomBanner__in\">...</div>\r\n\tat com.codeborne.selenide.impl.ExceptionWrapper.wrap(ExceptionWrapper.java:26)\r\n\tat com.codeborne.selenide.impl.SelenideElementProxy.dispatchAndRetry(SelenideElementProxy.java:154)\r\n\tat com.codeborne.selenide.impl.SelenideElementProxy.invoke(SelenideElementProxy.java:84)\r\n\tat jdk.proxy3/jdk.proxy3.$Proxy20.click(Unknown Source)\r\n\tat com.example.demo.ProductPageTest.testReportButton(ProductPageTest.java:71)\r\n\tat java.base/java.lang.reflect.Method.invoke(Method.java:569)\r\n\tat java.base/java.util.ArrayList.forEach(ArrayList.java:1511)\r\n\tat java.base/java.util.ArrayList.forEach(ArrayList.java:1511)\r\nCaused by: org.openqa.selenium.ElementClickInterceptedException: element click intercepted: Element <div class=\"vkitLink__link--WXYoI vkitLink__tertiary--ddc88 vkitLink__withIconInChildren--MOP1u vkuiInternalTappable vkuiLink__host vkuiLink__withUnderline vkuiTappable__host vkuiTappable__hasPointerNone vkuiClickable__host vkuiClickable__realClickable vkuistyles__-focus-visible vkuiRootComponent__host\" role=\"button\" tabindex=\"0\" data-testid=\"market_item_page_report\">...</div> is not clickable at point (347, 699). Other element would receive the click: <div class=\"PageBottomBanner__in\">...</div>\n  (Session info: chrome=137.0.7151.120)\nBuild info: version: '4.13.0', revision: 'ba948ece5b*'\nSystem info: os.name: 'Windows 10', os.arch: 'amd64', os.version: '10.0', java.version: '17.0.15'\nDriver info: org.openqa.selenium.chrome.ChromeDriver\nCommand: [c2cb0a95d019889cc4750b57d2e0ac18, clickElement {id=f.6D2A8BD5CD729196C36D7E2EB1F37FED.d.65ECB9D2B6927A51277E3E4ECF20292F.e.783}]\nCapabilities {acceptInsecureCerts: true, browserName: chrome, browserVersion: 137.0.7151.120, chrome: {chromedriverVersion: 137.0.7151.119 (e0ac9d12dff..., userDataDir: C:\\Users\\TATYAN~1\\AppData\\L...}, fedcm:accounts: true, goog:chromeOptions: {debuggerAddress: localhost:59032}, networkConnectionEnabled: false, pageLoadStrategy: normal, platformName: windows, proxy: Proxy(), se:cdp: ws://localhost:59032/devtoo..., se:cdpVersion: 137.0.7151.120, setWindowRect: true, strictFileInteractability: false, timeouts: {implicit: 0, pageLoad: 300000, script: 30000}, unhandledPromptBehavior: accept, webauthn:extension:credBlob: true, webauthn:extension:largeBlob: true, webauthn:extension:minPinLength: true, webauthn:extension:prf: true, webauthn:virtualAuthenticators: true}\nElement: [[ChromeDriver: chrome on windows (c2cb0a95d019889cc4750b57d2e0ac18)] -> css selector: div[data-testid='market_item_page_report']]\nSession ID: c2cb0a95d019889cc4750b57d2e0ac18\r\n\tat java.base/jdk.internal.reflect.NativeConstructorAccessorImpl.newInstance0(Native Method)\r\n\tat java.base/jdk.internal.reflect.NativeConstructorAccessorImpl.newInstance(NativeConstructorAccessorImpl.java:77)\r\n\tat java.base/jdk.internal.reflect.DelegatingConstructorAccessorImpl.newInstance(DelegatingConstructorAccessorImpl.java:45)\r\n\tat java.base/java.lang.reflect.Constructor.newInstanceWithCaller(Constructor.java:500)\r\n\tat java.base/java.lang.reflect.Constructor.newInstance(Constructor.java:481)\r\n\tat org.openqa.selenium.remote.codec.w3c.W3CHttpResponseCodec.createException(W3CHttpResponseCodec.java:200)\r\n\tat org.openqa.selenium.remote.codec.w3c.W3CHttpResponseCodec.decode(W3CHttpResponseCodec.java:133)\r\n\tat org.openqa.selenium.remote.codec.w3c.W3CHttpResponseCodec.decode(W3CHttpResponseCodec.java:52)\r\n\tat org.openqa.selenium.remote.HttpCommandExecutor.execute(HttpCommandExecutor.java:191)\r\n\tat org.openqa.selenium.remote.service.DriverCommandExecutor.invokeExecute(DriverCommandExecutor.java:196)\r\n\tat org.openqa.selenium.remote.service.DriverCommandExecutor.execute(DriverCommandExecutor.java:171)\r\n\tat org.openqa.selenium.remote.RemoteWebDriver.execute(RemoteWebDriver.java:602)\r\n\tat org.openqa.selenium.remote.RemoteWebElement.execute(RemoteWebElement.java:224)\r\n\tat org.openqa.selenium.remote.RemoteWebElement.click(RemoteWebElement.java:77)\r\n\tat com.codeborne.selenide.commands.Click.defaultClick(Click.java:97)\r\n\tat com.codeborne.selenide.commands.Click.click(Click.java:54)\r\n\tat com.codeborne.selenide.commands.Click.execute(Click.java:31)\r\n\tat com.codeborne.selenide.commands.Click.execute(Click.java:21)\r\n\tat com.codeborne.selenide.commands.Commands.execute(Commands.java:165)\r\n\tat com.codeborne.selenide.impl.SelenideElementProxy.dispatchAndRetry(SelenideElementProxy.java:132)\r\n\t... 6 more\r\n","flaky":false,"newFailed":false,"newBroken":false,"newPassed":false,"retriesCount":0,"retriesStatusChange":false,"beforeStages":[{"name":"setUpAll","time":{"start":1750339257636,"stop":1750339257636,"duration":0},"status":"passed","steps":[],"attachments":[],"parameters":[],"attachmentsCount":0,"shouldDisplayMessage":false,"attachmentStep":false,"hasContent":false,"stepsCount":0},{"name":"setUp","time":{"start":1750339277005,"stop":1750339278641,"duration":1636},"status":"passed","steps":[],"attachments":[],"parameters":[],"attachmentsCount":0,"shouldDisplayMessage":false,"attachmentStep":false,"hasContent":false,"stepsCount":0}],"afterStages":[],"labels":[{"name":"junit.platform.uniqueid","value":"[engine:junit-jupiter]/[class:com.example.demo.ProductPageTest]/[method:testReportButton()]"},{"name":"host","value":"MSI"},{"name":"thread","value":"8148@MSI.Test worker(1)"},{"name":"framework","value":"junit-platform"},{"name":"language","value":"java"},{"name":"package","value":"com.example.demo.ProductPageTest"},{"name":"testClass","value":"com.example.demo.ProductPageTest"},{"name":"testMethod","value":"testReportButton"},{"name":"suite","value":"com.example.demo.ProductPageTest"},{"name":"resultFormat","value":"allure2"}],"parameters":[],"links":[],"hidden":true,"retry":true,"extra":{"categories":[],"tags":[]},"source":"7a986bbe083d83bf.json","parameterValues":[]}