{"uid":"e01978d19788e769","name":"Проверка кнопки Услуги","fullName":"com.example.demo.PublicPageTest.testServiceButton","historyId":"c50a725bfd459e69b877d57ddd83383c","time":{"start":1750335704928,"stop":1750335716664,"duration":11736},"description":"","status":"failed","statusMessage":"Invalid element state [li[data-testid='group_tab_services']]: element click intercepted: Element <li data-tab=\"services\" data-testid=\"group_tab_services\" role=\"presentation\">...</li> is not clickable at point (415, 700). Other element would receive the click: <div class=\"PageBottomBanner__in\">...</div>\r\nScreenshot: file:/C:/Users/Tatyanochka/IdeaProjects/test_pero/build/reports/tests/1750335716319.0.png\r\nPage source: file:/C:/Users/Tatyanochka/IdeaProjects/test_pero/build/reports/tests/1750335716319.0.html\r\nTimeout: 4 s.\r\nCaused by: ElementClickInterceptedException: element click intercepted: Element <li data-tab=\"services\" data-testid=\"group_tab_services\" role=\"presentation\">...</li> is not clickable at point (415, 700). Other element would receive the click: <div class=\"PageBottomBanner__in\">...</div>","statusTrace":"Invalid element state [li[data-testid='group_tab_services']]: element click intercepted: Element <li data-tab=\"services\" data-testid=\"group_tab_services\" role=\"presentation\">...</li> is not clickable at point (415, 700). Other element would receive the click: <div class=\"PageBottomBanner__in\">...</div>\r\nScreenshot: file:/C:/Users/Tatyanochka/IdeaProjects/test_pero/build/reports/tests/1750335716319.0.png\r\nPage source: file:/C:/Users/Tatyanochka/IdeaProjects/test_pero/build/reports/tests/1750335716319.0.html\r\nTimeout: 4 s.\r\nCaused by: ElementClickInterceptedException: element click intercepted: Element <li data-tab=\"services\" data-testid=\"group_tab_services\" role=\"presentation\">...</li> is not clickable at point (415, 700). Other element would receive the click: <div class=\"PageBottomBanner__in\">...</div>\r\n\tat com.codeborne.selenide.impl.ExceptionWrapper.wrap(ExceptionWrapper.java:26)\r\n\tat com.codeborne.selenide.impl.SelenideElementProxy.dispatchAndRetry(SelenideElementProxy.java:154)\r\n\tat com.codeborne.selenide.impl.SelenideElementProxy.invoke(SelenideElementProxy.java:84)\r\n\tat jdk.proxy3/jdk.proxy3.$Proxy18.click(Unknown Source)\r\n\tat com.example.demo.PublicPageTest.testServiceButton(PublicPageTest.java:74)\r\n\tat java.base/java.lang.reflect.Method.invoke(Method.java:569)\r\n\tat java.base/java.util.ArrayList.forEach(ArrayList.java:1511)\r\n\tat java.base/java.util.ArrayList.forEach(ArrayList.java:1511)\r\nCaused by: org.openqa.selenium.ElementClickInterceptedException: element click intercepted: Element <li data-tab=\"services\" data-testid=\"group_tab_services\" role=\"presentation\">...</li> is not clickable at point (415, 700). Other element would receive the click: <div class=\"PageBottomBanner__in\">...</div>\n  (Session info: chrome=137.0.7151.120)\nBuild info: version: '4.13.0', revision: 'ba948ece5b*'\nSystem info: os.name: 'Windows 10', os.arch: 'amd64', os.version: '10.0', java.version: '17.0.15'\nDriver info: org.openqa.selenium.chrome.ChromeDriver\nCommand: [34f70dd50d27a53a3fcbfa149606c1b2, clickElement {id=f.D3FC99F30C70EF97AF5984A9727BEF34.d.1FCF34ABE21AD755E4BC0FF28C0F5006.e.36}]\nCapabilities {acceptInsecureCerts: true, browserName: chrome, browserVersion: 137.0.7151.120, chrome: {chromedriverVersion: 137.0.7151.119 (e0ac9d12dff..., userDataDir: C:\\Users\\TATYAN~1\\AppData\\L...}, fedcm:accounts: true, goog:chromeOptions: {debuggerAddress: localhost:65313}, networkConnectionEnabled: false, pageLoadStrategy: normal, platformName: windows, proxy: Proxy(), se:cdp: ws://localhost:65313/devtoo..., se:cdpVersion: 137.0.7151.120, setWindowRect: true, strictFileInteractability: false, timeouts: {implicit: 0, pageLoad: 300000, script: 30000}, unhandledPromptBehavior: accept, webauthn:extension:credBlob: true, webauthn:extension:largeBlob: true, webauthn:extension:minPinLength: true, webauthn:extension:prf: true, webauthn:virtualAuthenticators: true}\nElement: [[ChromeDriver: chrome on windows (34f70dd50d27a53a3fcbfa149606c1b2)] -> css selector: li[data-testid='group_tab_services']]\nSession ID: 34f70dd50d27a53a3fcbfa149606c1b2\r\n\tat java.base/jdk.internal.reflect.NativeConstructorAccessorImpl.newInstance0(Native Method)\r\n\tat java.base/jdk.internal.reflect.NativeConstructorAccessorImpl.newInstance(NativeConstructorAccessorImpl.java:77)\r\n\tat java.base/jdk.internal.reflect.DelegatingConstructorAccessorImpl.newInstance(DelegatingConstructorAccessorImpl.java:45)\r\n\tat java.base/java.lang.reflect.Constructor.newInstanceWithCaller(Constructor.java:500)\r\n\tat java.base/java.lang.reflect.Constructor.newInstance(Constructor.java:481)\r\n\tat org.openqa.selenium.remote.codec.w3c.W3CHttpResponseCodec.createException(W3CHttpResponseCodec.java:200)\r\n\tat org.openqa.selenium.remote.codec.w3c.W3CHttpResponseCodec.decode(W3CHttpResponseCodec.java:133)\r\n\tat org.openqa.selenium.remote.codec.w3c.W3CHttpResponseCodec.decode(W3CHttpResponseCodec.java:52)\r\n\tat org.openqa.selenium.remote.HttpCommandExecutor.execute(HttpCommandExecutor.java:191)\r\n\tat org.openqa.selenium.remote.service.DriverCommandExecutor.invokeExecute(DriverCommandExecutor.java:196)\r\n\tat org.openqa.selenium.remote.service.DriverCommandExecutor.execute(DriverCommandExecutor.java:171)\r\n\tat org.openqa.selenium.remote.RemoteWebDriver.execute(RemoteWebDriver.java:602)\r\n\tat org.openqa.selenium.remote.RemoteWebElement.execute(RemoteWebElement.java:224)\r\n\tat org.openqa.selenium.remote.RemoteWebElement.click(RemoteWebElement.java:77)\r\n\tat com.codeborne.selenide.commands.Click.defaultClick(Click.java:97)\r\n\tat com.codeborne.selenide.commands.Click.click(Click.java:54)\r\n\tat com.codeborne.selenide.commands.Click.execute(Click.java:31)\r\n\tat com.codeborne.selenide.commands.Click.execute(Click.java:21)\r\n\tat com.codeborne.selenide.commands.Commands.execute(Commands.java:165)\r\n\tat com.codeborne.selenide.impl.SelenideElementProxy.dispatchAndRetry(SelenideElementProxy.java:132)\r\n\t... 6 more\r\n","flaky":false,"newFailed":false,"newBroken":false,"newPassed":false,"retriesCount":0,"retriesStatusChange":false,"beforeStages":[{"name":"setUpAll","time":{"start":1750335704842,"stop":1750335704872,"duration":30},"status":"passed","steps":[],"attachments":[],"parameters":[],"attachmentsCount":0,"shouldDisplayMessage":false,"attachmentStep":false,"hasContent":false,"stepsCount":0},{"name":"setUp","time":{"start":1750335704933,"stop":1750335711072,"duration":6139},"status":"passed","steps":[],"attachments":[],"parameters":[],"attachmentsCount":0,"shouldDisplayMessage":false,"attachmentStep":false,"hasContent":false,"stepsCount":0}],"afterStages":[],"labels":[{"name":"junit.platform.uniqueid","value":"[engine:junit-jupiter]/[class:com.example.demo.PublicPageTest]/[method:testServiceButton()]"},{"name":"host","value":"MSI"},{"name":"thread","value":"25460@MSI.Test worker(1)"},{"name":"framework","value":"junit-platform"},{"name":"language","value":"java"},{"name":"package","value":"com.example.demo.PublicPageTest"},{"name":"testClass","value":"com.example.demo.PublicPageTest"},{"name":"testMethod","value":"testServiceButton"},{"name":"suite","value":"com.example.demo.PublicPageTest"},{"name":"resultFormat","value":"allure2"}],"parameters":[],"links":[],"hidden":true,"retry":true,"extra":{"categories":[],"tags":[]},"source":"e01978d19788e769.json","parameterValues":[]}